<?xml version="1.0" encoding="UTF-8"?>
<!-- Generated by org.testng.reporters.JUnitXMLReporter -->
<testsuite ignored="0" hostname="LIN-GPM8XC4" failures="0" tests="7" name="Chrome" time="223.043" errors="0" timestamp="2026-03-15T19:12:49 IST">
  <testcase classname="com.test.SellAgentTests" name="tc01_navigateAndSelectRole" time="18.969"/>
  <testcase classname="com.test.SellAgentTests" name="tc02_openPackages_and_select_Individual_Sell_Residential_then_show" time="8.956"/>
  <testcase classname="com.test.SellAgentTests" name="tc03_openDeveloperLounge_and_click_MohitGoel" time="14.744"/>
  <testcase classname="com.test.SellAgentTests" name="tc04_submit_empty_callback_request" time="18.929"/>
  <testcase classname="com.test.SellAgentTests" name="tc05_show_full_kolkata_data" time="8.672"/>
  <testcase classname="com.test.SellAgentTests" name="tc06_propertyValue_askFreeQuestion_form" time="31.089"/>
  <testcase classname="com.test.SellAgentTests" name="tc07_submit_callback_request_with_data" time="20.619"/>
</testsuite> <!-- Chrome -->
