<?xml version="1.0" encoding="UTF-8"?>
<testng-results ignored="0" total="14" passed="11" failed="3" skipped="0">
  <reporter-output>
  </reporter-output>
  <suite started-at="2026-03-15T19:09:06 IST" name="CrossBrowser Suite" finished-at="2026-03-15T19:12:49 IST" duration-ms="223043">
    <groups>
    </groups>
    <test started-at="2026-03-15T19:09:06 IST" name="Edge" finished-at="2026-03-15T19:12:32 IST" duration-ms="205453">
      <class name="com.test.SellAgentTests">
        <test-method is-config="true" signature="setUp(java.lang.String)[pri:0, instance:com.test.SellAgentTests@514646ef]" started-at="2026-03-15T19:09:06 IST" name="setUp" finished-at="2026-03-15T19:09:18 IST" duration-ms="11317" status="PASS">
          <params>
            <param index="0">
              <value>
                <![CDATA[edge]]>
              </value>
            </param>
          </params>
          <reporter-output>
          </reporter-output>
        </test-method> <!-- setUp -->
        <test-method signature="tc01_navigateAndSelectRole()[pri:1, instance:com.test.SellAgentTests@514646ef]" started-at="2026-03-15T19:09:18 IST" name="tc01_navigateAndSelectRole" finished-at="2026-03-15T19:09:29 IST" duration-ms="11836" status="FAIL">
          <exception class="org.openqa.selenium.ElementNotInteractableException">
            <message>
              <![CDATA[element not interactable
  (Session info: chrome=145.0.7632.160)
Build info: version: '4.41.0', revision: '9fc754f'
System info: os.name: 'Windows 11', os.arch: 'amd64', os.version: '10.0', java.version: '17.0.18'
Driver info: org.openqa.selenium.chrome.ChromeDriver
Command: [3c63eb2342a786813114f520fd13929c, clickElement {id=f.E65F80FB5192CD269B807988D1699B26.d.62E17B5EF0801B16E7119364C4B96B6B.e.80}]
Capabilities {acceptInsecureCerts: false, browserName: chrome, browserVersion: 145.0.7632.160, chrome: {chromedriverVersion: 145.0.7632.117 (de4e5d6e13b..., userDataDir: C:\Users\kugant\AppData\Loc...}, fedcm:accounts: true, goog:chromeOptions: {debuggerAddress: localhost:60236}, goog:processID: 31812, networkConnectionEnabled: false, pageLoadStrategy: normal, platformName: windows, proxy: Proxy(), se:cdp: ws://localhost:60236/devtoo..., se:cdpVersion: 145.0.7632.160, setWindowRect: true, strictFileInteractability: false, timeouts: {implicit: 0, pageLoad: 300000, script: 30000}, unhandledPromptBehavior: dismiss and notify, webauthn:extension:credBlob: true, webauthn:extension:largeBlob: true, webauthn:extension:minPinLength: true, webauthn:extension:prf: true, webauthn:virtualAuthenticators: true}
Element: [[ChromeDriver: chrome on windows (3c63eb2342a786813114f520fd13929c)] -> xpath: (//a[text()='Find an Agent'])[3]]
Session ID: 3c63eb2342a786813114f520fd13929c]]>
            </message>
            <full-stacktrace>
              <![CDATA[org.openqa.selenium.ElementNotInteractableException: element not interactable
  (Session info: chrome=145.0.7632.160)
Build info: version: '4.41.0', revision: '9fc754f'
System info: os.name: 'Windows 11', os.arch: 'amd64', os.version: '10.0', java.version: '17.0.18'
Driver info: org.openqa.selenium.chrome.ChromeDriver
Command: [3c63eb2342a786813114f520fd13929c, clickElement {id=f.E65F80FB5192CD269B807988D1699B26.d.62E17B5EF0801B16E7119364C4B96B6B.e.80}]
Capabilities {acceptInsecureCerts: false, browserName: chrome, browserVersion: 145.0.7632.160, chrome: {chromedriverVersion: 145.0.7632.117 (de4e5d6e13b..., userDataDir: C:\Users\kugant\AppData\Loc...}, fedcm:accounts: true, goog:chromeOptions: {debuggerAddress: localhost:60236}, goog:processID: 31812, networkConnectionEnabled: false, pageLoadStrategy: normal, platformName: windows, proxy: Proxy(), se:cdp: ws://localhost:60236/devtoo..., se:cdpVersion: 145.0.7632.160, setWindowRect: true, strictFileInteractability: false, timeouts: {implicit: 0, pageLoad: 300000, script: 30000}, unhandledPromptBehavior: dismiss and notify, webauthn:extension:credBlob: true, webauthn:extension:largeBlob: true, webauthn:extension:minPinLength: true, webauthn:extension:prf: true, webauthn:virtualAuthenticators: true}
Element: [[ChromeDriver: chrome on windows (3c63eb2342a786813114f520fd13929c)] -> xpath: (//a[text()='Find an Agent'])[3]]
Session ID: 3c63eb2342a786813114f520fd13929c
at org.openqa.selenium.remote.ErrorCodec.decode(ErrorCodec.java:169)
at org.openqa.selenium.remote.codec.w3c.W3CHttpResponseCodec.decode(W3CHttpResponseCodec.java:142)
at org.openqa.selenium.remote.codec.w3c.W3CHttpResponseCodec.decode(W3CHttpResponseCodec.java:49)
at org.openqa.selenium.remote.HttpCommandExecutor.execute(HttpCommandExecutor.java:223)
at org.openqa.selenium.remote.service.DriverCommandExecutor.invokeExecute(DriverCommandExecutor.java:216)
at org.openqa.selenium.remote.service.DriverCommandExecutor.execute(DriverCommandExecutor.java:174)
at org.openqa.selenium.remote.RemoteWebDriver.execute(RemoteWebDriver.java:604)
at org.openqa.selenium.remote.RemoteWebElement.execute(RemoteWebElement.java:223)
at org.openqa.selenium.remote.RemoteWebElement.click(RemoteWebElement.java:76)
at java.base/jdk.internal.reflect.NativeMethodAccessorImpl.invoke0(Native Method)
at java.base/jdk.internal.reflect.NativeMethodAccessorImpl.invoke(NativeMethodAccessorImpl.java:77)
at java.base/jdk.internal.reflect.DelegatingMethodAccessorImpl.invoke(DelegatingMethodAccessorImpl.java:43)
at java.base/java.lang.reflect.Method.invoke(Method.java:569)
at org.openqa.selenium.support.pagefactory.internal.LocatingElementHandler.invoke(LocatingElementHandler.java:51)
at jdk.proxy2/jdk.proxy2.$Proxy12.click(Unknown Source)
at com.utils.ElementUtils.clickOnElement(ElementUtils.java:20)
at com.pages.HomePage.clickAgent(HomePage.java:55)
at com.test.SellAgentTests.tc01_navigateAndSelectRole(SellAgentTests.java:25)
at java.base/jdk.internal.reflect.NativeMethodAccessorImpl.invoke0(Native Method)
at java.base/jdk.internal.reflect.NativeMethodAccessorImpl.invoke(NativeMethodAccessorImpl.java:77)
at java.base/jdk.internal.reflect.DelegatingMethodAccessorImpl.invoke(DelegatingMethodAccessorImpl.java:43)
at java.base/java.lang.reflect.Method.invoke(Method.java:569)
at org.testng.internal.invokers.MethodInvocationHelper.invokeMethod(MethodInvocationHelper.java:141)
at org.testng.internal.invokers.TestInvoker.invokeMethod(TestInvoker.java:686)
at org.testng.internal.invokers.TestInvoker.invokeTestMethod(TestInvoker.java:230)
at org.testng.internal.invokers.MethodRunner.runInSequence(MethodRunner.java:63)
at org.testng.internal.invokers.TestInvoker$MethodInvocationAgent.invoke(TestInvoker.java:992)
at org.testng.internal.invokers.TestInvoker.invokeTestMethods(TestInvoker.java:203)
at org.testng.internal.invokers.TestMethodWorker.invokeTestMethods(TestMethodWorker.java:154)
at org.testng.internal.invokers.TestMethodWorker.run(TestMethodWorker.java:134)
at java.base/java.util.ArrayList.forEach(ArrayList.java:1511)
at org.testng.TestRunner.privateRun(TestRunner.java:739)
at org.testng.TestRunner.run(TestRunner.java:614)
at org.testng.SuiteRunner.runTest(SuiteRunner.java:421)
at org.testng.SuiteRunner$SuiteWorker.run(SuiteRunner.java:463)
at org.testng.internal.thread.ThreadUtil.lambda$execute$0(ThreadUtil.java:64)
at java.base/java.util.concurrent.FutureTask.run(FutureTask.java:264)
at java.base/java.util.concurrent.ThreadPoolExecutor.runWorker(ThreadPoolExecutor.java:1136)
at java.base/java.util.concurrent.ThreadPoolExecutor$Worker.run(ThreadPoolExecutor.java:635)
at java.base/java.lang.Thread.run(Thread.java:840)
]]>
            </full-stacktrace>
          </exception> <!-- org.openqa.selenium.ElementNotInteractableException -->
          <reporter-output>
          </reporter-output>
        </test-method> <!-- tc01_navigateAndSelectRole -->
        <test-method is-config="true" signature="setUp(java.lang.String)[pri:0, instance:com.test.SellAgentTests@514646ef]" started-at="2026-03-15T19:09:29 IST" name="setUp" finished-at="2026-03-15T19:09:37 IST" duration-ms="7649" status="PASS">
          <params>
            <param index="0">
              <value>
                <![CDATA[edge]]>
              </value>
            </param>
          </params>
          <reporter-output>
          </reporter-output>
        </test-method> <!-- setUp -->
        <test-method signature="tc02_openPackages_and_select_Individual_Sell_Residential_then_show()[pri:2, instance:com.test.SellAgentTests@514646ef]" started-at="2026-03-15T19:09:37 IST" name="tc02_openPackages_and_select_Individual_Sell_Residential_then_show" finished-at="2026-03-15T19:09:43 IST" duration-ms="6313" status="PASS">
          <reporter-output>
          </reporter-output>
        </test-method> <!-- tc02_openPackages_and_select_Individual_Sell_Residential_then_show -->
        <test-method is-config="true" signature="setUp(java.lang.String)[pri:0, instance:com.test.SellAgentTests@514646ef]" started-at="2026-03-15T19:09:43 IST" name="setUp" finished-at="2026-03-15T19:09:53 IST" duration-ms="9903" status="PASS">
          <params>
            <param index="0">
              <value>
                <![CDATA[edge]]>
              </value>
            </param>
          </params>
          <reporter-output>
          </reporter-output>
        </test-method> <!-- setUp -->
        <test-method signature="tc03_openDeveloperLounge_and_click_MohitGoel()[pri:3, instance:com.test.SellAgentTests@514646ef]" started-at="2026-03-15T19:09:53 IST" name="tc03_openDeveloperLounge_and_click_MohitGoel" finished-at="2026-03-15T19:09:58 IST" duration-ms="4687" status="PASS">
          <reporter-output>
          </reporter-output>
        </test-method> <!-- tc03_openDeveloperLounge_and_click_MohitGoel -->
        <test-method is-config="true" signature="setUp(java.lang.String)[pri:0, instance:com.test.SellAgentTests@514646ef]" started-at="2026-03-15T19:09:58 IST" name="setUp" finished-at="2026-03-15T19:10:10 IST" duration-ms="11949" status="PASS">
          <params>
            <param index="0">
              <value>
                <![CDATA[edge]]>
              </value>
            </param>
          </params>
          <reporter-output>
          </reporter-output>
        </test-method> <!-- setUp -->
        <test-method signature="tc04_submit_empty_callback_request()[pri:4, instance:com.test.SellAgentTests@514646ef]" started-at="2026-03-15T19:10:10 IST" name="tc04_submit_empty_callback_request" finished-at="2026-03-15T19:10:18 IST" duration-ms="8219" status="PASS">
          <reporter-output>
          </reporter-output>
        </test-method> <!-- tc04_submit_empty_callback_request -->
        <test-method is-config="true" signature="setUp(java.lang.String)[pri:0, instance:com.test.SellAgentTests@514646ef]" started-at="2026-03-15T19:10:18 IST" name="setUp" finished-at="2026-03-15T19:10:31 IST" duration-ms="12874" status="PASS">
          <params>
            <param index="0">
              <value>
                <![CDATA[edge]]>
              </value>
            </param>
          </params>
          <reporter-output>
          </reporter-output>
        </test-method> <!-- setUp -->
        <test-method signature="tc05_show_full_kolkata_data()[pri:5, instance:com.test.SellAgentTests@514646ef]" started-at="2026-03-15T19:10:31 IST" name="tc05_show_full_kolkata_data" finished-at="2026-03-15T19:10:47 IST" duration-ms="15690" status="FAIL">
          <exception class="org.openqa.selenium.ElementNotInteractableException">
            <message>
              <![CDATA[element not interactable
  (Session info: chrome=145.0.7632.160)
Build info: version: '4.41.0', revision: '9fc754f'
System info: os.name: 'Windows 11', os.arch: 'amd64', os.version: '10.0', java.version: '17.0.18'
Driver info: org.openqa.selenium.chrome.ChromeDriver
Command: [6342e1d54128de9616933a24e55e6543, clickElement {id=f.6C545023413FDAB8E25D22C740A03753.d.789C9933242D7711157077EFDED19B27.e.58}]
Capabilities {acceptInsecureCerts: false, browserName: chrome, browserVersion: 145.0.7632.160, chrome: {chromedriverVersion: 145.0.7632.117 (de4e5d6e13b..., userDataDir: C:\Users\kugant\AppData\Loc...}, fedcm:accounts: true, goog:chromeOptions: {debuggerAddress: localhost:57259}, goog:processID: 28104, networkConnectionEnabled: false, pageLoadStrategy: normal, platformName: windows, proxy: Proxy(), se:cdp: ws://localhost:57259/devtoo..., se:cdpVersion: 145.0.7632.160, setWindowRect: true, strictFileInteractability: false, timeouts: {implicit: 0, pageLoad: 300000, script: 30000}, unhandledPromptBehavior: dismiss and notify, webauthn:extension:credBlob: true, webauthn:extension:largeBlob: true, webauthn:extension:minPinLength: true, webauthn:extension:prf: true, webauthn:virtualAuthenticators: true}
Element: [[ChromeDriver: chrome on windows (6342e1d54128de9616933a24e55e6543)] -> xpath: //a[normalize-space()='Sales Enquiry']]
Session ID: 6342e1d54128de9616933a24e55e6543]]>
            </message>
            <full-stacktrace>
              <![CDATA[org.openqa.selenium.ElementNotInteractableException: element not interactable
  (Session info: chrome=145.0.7632.160)
Build info: version: '4.41.0', revision: '9fc754f'
System info: os.name: 'Windows 11', os.arch: 'amd64', os.version: '10.0', java.version: '17.0.18'
Driver info: org.openqa.selenium.chrome.ChromeDriver
Command: [6342e1d54128de9616933a24e55e6543, clickElement {id=f.6C545023413FDAB8E25D22C740A03753.d.789C9933242D7711157077EFDED19B27.e.58}]
Capabilities {acceptInsecureCerts: false, browserName: chrome, browserVersion: 145.0.7632.160, chrome: {chromedriverVersion: 145.0.7632.117 (de4e5d6e13b..., userDataDir: C:\Users\kugant\AppData\Loc...}, fedcm:accounts: true, goog:chromeOptions: {debuggerAddress: localhost:57259}, goog:processID: 28104, networkConnectionEnabled: false, pageLoadStrategy: normal, platformName: windows, proxy: Proxy(), se:cdp: ws://localhost:57259/devtoo..., se:cdpVersion: 145.0.7632.160, setWindowRect: true, strictFileInteractability: false, timeouts: {implicit: 0, pageLoad: 300000, script: 30000}, unhandledPromptBehavior: dismiss and notify, webauthn:extension:credBlob: true, webauthn:extension:largeBlob: true, webauthn:extension:minPinLength: true, webauthn:extension:prf: true, webauthn:virtualAuthenticators: true}
Element: [[ChromeDriver: chrome on windows (6342e1d54128de9616933a24e55e6543)] -> xpath: //a[normalize-space()='Sales Enquiry']]
Session ID: 6342e1d54128de9616933a24e55e6543
at org.openqa.selenium.remote.ErrorCodec.decode(ErrorCodec.java:169)
at org.openqa.selenium.remote.codec.w3c.W3CHttpResponseCodec.decode(W3CHttpResponseCodec.java:142)
at org.openqa.selenium.remote.codec.w3c.W3CHttpResponseCodec.decode(W3CHttpResponseCodec.java:49)
at org.openqa.selenium.remote.HttpCommandExecutor.execute(HttpCommandExecutor.java:223)
at org.openqa.selenium.remote.service.DriverCommandExecutor.invokeExecute(DriverCommandExecutor.java:216)
at org.openqa.selenium.remote.service.DriverCommandExecutor.execute(DriverCommandExecutor.java:174)
at org.openqa.selenium.remote.RemoteWebDriver.execute(RemoteWebDriver.java:604)
at org.openqa.selenium.remote.RemoteWebElement.execute(RemoteWebElement.java:223)
at org.openqa.selenium.remote.RemoteWebElement.click(RemoteWebElement.java:76)
at jdk.internal.reflect.GeneratedMethodAccessor3.invoke(Unknown Source)
at java.base/jdk.internal.reflect.DelegatingMethodAccessorImpl.invoke(DelegatingMethodAccessorImpl.java:43)
at java.base/java.lang.reflect.Method.invoke(Method.java:569)
at org.openqa.selenium.support.pagefactory.internal.LocatingElementHandler.invoke(LocatingElementHandler.java:51)
at jdk.proxy2/jdk.proxy2.$Proxy12.click(Unknown Source)
at com.utils.ElementUtils.clickOnElement(ElementUtils.java:20)
at com.pages.HomePage.openSalesEnquiry(HomePage.java:178)
at com.test.SellAgentTests.tc05_show_full_kolkata_data(SellAgentTests.java:71)
at java.base/jdk.internal.reflect.NativeMethodAccessorImpl.invoke0(Native Method)
at java.base/jdk.internal.reflect.NativeMethodAccessorImpl.invoke(NativeMethodAccessorImpl.java:77)
at java.base/jdk.internal.reflect.DelegatingMethodAccessorImpl.invoke(DelegatingMethodAccessorImpl.java:43)
at java.base/java.lang.reflect.Method.invoke(Method.java:569)
at org.testng.internal.invokers.MethodInvocationHelper.invokeMethod(MethodInvocationHelper.java:141)
at org.testng.internal.invokers.TestInvoker.invokeMethod(TestInvoker.java:686)
at org.testng.internal.invokers.TestInvoker.invokeTestMethod(TestInvoker.java:230)
at org.testng.internal.invokers.MethodRunner.runInSequence(MethodRunner.java:63)
at org.testng.internal.invokers.TestInvoker$MethodInvocationAgent.invoke(TestInvoker.java:992)
at org.testng.internal.invokers.TestInvoker.invokeTestMethods(TestInvoker.java:203)
at org.testng.internal.invokers.TestMethodWorker.invokeTestMethods(TestMethodWorker.java:154)
at org.testng.internal.invokers.TestMethodWorker.run(TestMethodWorker.java:134)
at java.base/java.util.ArrayList.forEach(ArrayList.java:1511)
at org.testng.TestRunner.privateRun(TestRunner.java:739)
at org.testng.TestRunner.run(TestRunner.java:614)
at org.testng.SuiteRunner.runTest(SuiteRunner.java:421)
at org.testng.SuiteRunner$SuiteWorker.run(SuiteRunner.java:463)
at org.testng.internal.thread.ThreadUtil.lambda$execute$0(ThreadUtil.java:64)
at java.base/java.util.concurrent.FutureTask.run(FutureTask.java:264)
at java.base/java.util.concurrent.ThreadPoolExecutor.runWorker(ThreadPoolExecutor.java:1136)
at java.base/java.util.concurrent.ThreadPoolExecutor$Worker.run(ThreadPoolExecutor.java:635)
at java.base/java.lang.Thread.run(Thread.java:840)
]]>
            </full-stacktrace>
          </exception> <!-- org.openqa.selenium.ElementNotInteractableException -->
          <reporter-output>
          </reporter-output>
        </test-method> <!-- tc05_show_full_kolkata_data -->
        <test-method is-config="true" signature="setUp(java.lang.String)[pri:0, instance:com.test.SellAgentTests@514646ef]" started-at="2026-03-15T19:10:47 IST" name="setUp" finished-at="2026-03-15T19:11:09 IST" duration-ms="22455" status="PASS">
          <params>
            <param index="0">
              <value>
                <![CDATA[edge]]>
              </value>
            </param>
          </params>
          <reporter-output>
          </reporter-output>
        </test-method> <!-- setUp -->
        <test-method signature="tc06_propertyValue_askFreeQuestion_form()[pri:6, instance:com.test.SellAgentTests@514646ef]" started-at="2026-03-15T19:11:09 IST" name="tc06_propertyValue_askFreeQuestion_form" finished-at="2026-03-15T19:11:44 IST" duration-ms="34717" status="FAIL">
          <exception class="org.openqa.selenium.TimeoutException">
            <message>
              <![CDATA[Expected condition failed: waiting for visibility of Proxy element for: DefaultElementLocator 'By.id: ask-advice-name'
(tried for 10 seconds with 500 milliseconds interval)]]>
            </message>
            <full-stacktrace>
              <![CDATA[org.openqa.selenium.TimeoutException: Expected condition failed: waiting for visibility of Proxy element for: DefaultElementLocator 'By.id: ask-advice-name'
(tried for 10 seconds with 500 milliseconds interval)
at org.openqa.selenium.support.ui.WebDriverWait.timeoutException(WebDriverWait.java:85)
at org.openqa.selenium.support.ui.FluentWait.until(FluentWait.java:233)
at com.pages.HomePage.fillAskFreeQuestionForm(HomePage.java:248)
at com.test.SellAgentTests.tc06_propertyValue_askFreeQuestion_form(SellAgentTests.java:88)
at java.base/jdk.internal.reflect.NativeMethodAccessorImpl.invoke0(Native Method)
at java.base/jdk.internal.reflect.NativeMethodAccessorImpl.invoke(NativeMethodAccessorImpl.java:77)
at java.base/jdk.internal.reflect.DelegatingMethodAccessorImpl.invoke(DelegatingMethodAccessorImpl.java:43)
at java.base/java.lang.reflect.Method.invoke(Method.java:569)
at org.testng.internal.invokers.MethodInvocationHelper.invokeMethod(MethodInvocationHelper.java:141)
at org.testng.internal.invokers.TestInvoker.invokeMethod(TestInvoker.java:686)
at org.testng.internal.invokers.TestInvoker.invokeTestMethod(TestInvoker.java:230)
at org.testng.internal.invokers.MethodRunner.runInSequence(MethodRunner.java:63)
at org.testng.internal.invokers.TestInvoker$MethodInvocationAgent.invoke(TestInvoker.java:992)
at org.testng.internal.invokers.TestInvoker.invokeTestMethods(TestInvoker.java:203)
at org.testng.internal.invokers.TestMethodWorker.invokeTestMethods(TestMethodWorker.java:154)
at org.testng.internal.invokers.TestMethodWorker.run(TestMethodWorker.java:134)
at java.base/java.util.ArrayList.forEach(ArrayList.java:1511)
at org.testng.TestRunner.privateRun(TestRunner.java:739)
at org.testng.TestRunner.run(TestRunner.java:614)
at org.testng.SuiteRunner.runTest(SuiteRunner.java:421)
at org.testng.SuiteRunner$SuiteWorker.run(SuiteRunner.java:463)
at org.testng.internal.thread.ThreadUtil.lambda$execute$0(ThreadUtil.java:64)
at java.base/java.util.concurrent.FutureTask.run(FutureTask.java:264)
at java.base/java.util.concurrent.ThreadPoolExecutor.runWorker(ThreadPoolExecutor.java:1136)
at java.base/java.util.concurrent.ThreadPoolExecutor$Worker.run(ThreadPoolExecutor.java:635)
at java.base/java.lang.Thread.run(Thread.java:840)
Caused by: org.openqa.selenium.NoSuchElementException: no such element: Unable to locate element: {"method":"css selector","selector":"#ask\-advice\-name"}
  (Session info: chrome=145.0.7632.160)
For documentation on this error, please visit: https://www.selenium.dev/documentation/webdriver/troubleshooting/errors#nosuchelementexception
Build info: version: '4.41.0', revision: '9fc754f'
System info: os.name: 'Windows 11', os.arch: 'amd64', os.version: '10.0', java.version: '17.0.18'
Driver info: org.openqa.selenium.chrome.ChromeDriver
Command: [c19a53ebc772333a534e297eb5c0b99b, findElement {using=id, value=ask-advice-name}]
Capabilities {acceptInsecureCerts: false, browserName: chrome, browserVersion: 145.0.7632.160, chrome: {chromedriverVersion: 145.0.7632.117 (de4e5d6e13b..., userDataDir: C:\Users\kugant\AppData\Loc...}, fedcm:accounts: true, goog:chromeOptions: {debuggerAddress: localhost:51875}, goog:processID: 35680, networkConnectionEnabled: false, pageLoadStrategy: normal, platformName: windows, proxy: Proxy(), se:cdp: ws://localhost:51875/devtoo..., se:cdpVersion: 145.0.7632.160, setWindowRect: true, strictFileInteractability: false, timeouts: {implicit: 0, pageLoad: 300000, script: 30000}, unhandledPromptBehavior: dismiss and notify, webauthn:extension:credBlob: true, webauthn:extension:largeBlob: true, webauthn:extension:minPinLength: true, webauthn:extension:prf: true, webauthn:virtualAuthenticators: true}
Session ID: c19a53ebc772333a534e297eb5c0b99b
at org.openqa.selenium.remote.ErrorCodec.decode(ErrorCodec.java:169)
at org.openqa.selenium.remote.codec.w3c.W3CHttpResponseCodec.decode(W3CHttpResponseCodec.java:142)
at org.openqa.selenium.remote.codec.w3c.W3CHttpResponseCodec.decode(W3CHttpResponseCodec.java:49)
at org.openqa.selenium.remote.HttpCommandExecutor.execute(HttpCommandExecutor.java:223)
at org.openqa.selenium.remote.service.DriverCommandExecutor.invokeExecute(DriverCommandExecutor.java:216)
at org.openqa.selenium.remote.service.DriverCommandExecutor.execute(DriverCommandExecutor.java:174)
at org.openqa.selenium.remote.RemoteWebDriver.execute(RemoteWebDriver.java:604)
at org.openqa.selenium.remote.ElementLocation$ElementFinder$2.findElement(ElementLocation.java:166)
at org.openqa.selenium.remote.ElementLocation.findElement(ElementLocation.java:67)
at org.openqa.selenium.remote.RemoteWebDriver.findElement(RemoteWebDriver.java:427)
at org.openqa.selenium.remote.RemoteWebDriver.findElement(RemoteWebDriver.java:421)
at org.openqa.selenium.support.pagefactory.DefaultElementLocator.findElement(DefaultElementLocator.java:68)
at org.openqa.selenium.support.pagefactory.internal.LocatingElementHandler.invoke(LocatingElementHandler.java:38)
at jdk.proxy2/jdk.proxy2.$Proxy12.isDisplayed(Unknown Source)
at org.openqa.selenium.support.ui.ExpectedConditions.elementIfVisible(ExpectedConditions.java:365)
at org.openqa.selenium.support.ui.ExpectedConditions$10.apply(ExpectedConditions.java:351)
at org.openqa.selenium.support.ui.ExpectedConditions$10.apply(ExpectedConditions.java:348)
at org.openqa.selenium.support.ui.FluentWait.until(FluentWait.java:209)
... 24 more
]]>
            </full-stacktrace>
          </exception> <!-- org.openqa.selenium.TimeoutException -->
          <reporter-output>
          </reporter-output>
        </test-method> <!-- tc06_propertyValue_askFreeQuestion_form -->
        <test-method is-config="true" signature="setUp(java.lang.String)[pri:0, instance:com.test.SellAgentTests@514646ef]" started-at="2026-03-15T19:11:44 IST" name="setUp" finished-at="2026-03-15T19:12:03 IST" duration-ms="18700" status="PASS">
          <params>
            <param index="0">
              <value>
                <![CDATA[edge]]>
              </value>
            </param>
          </params>
          <reporter-output>
          </reporter-output>
        </test-method> <!-- setUp -->
        <test-method signature="tc07_submit_callback_request_with_data(java.lang.String,java.lang.String,java.lang.String,java.lang.String,java.lang.String)[pri:7, instance:com.test.SellAgentTests@514646ef]" started-at="2026-03-15T19:12:03 IST" name="tc07_submit_callback_request_with_data" data-provider="callbackData" finished-at="2026-03-15T19:12:31 IST" duration-ms="28619" status="PASS">
          <params>
            <param index="0">
              <value>
                <![CDATA[kugan]]>
              </value>
            </param>
            <param index="1">
              <value>
                <![CDATA[8220067539]]>
              </value>
            </param>
            <param index="2">
              <value>
                <![CDATA[kuganthangavel39@gmail.com]]>
              </value>
            </param>
            <param index="3">
              <value>
                <![CDATA[Delhi]]>
              </value>
            </param>
            <param index="4">
              <value>
                <![CDATA[when i will recieve my report?]]>
              </value>
            </param>
          </params>
          <reporter-output>
          </reporter-output>
        </test-method> <!-- tc07_submit_callback_request_with_data -->
      </class> <!-- com.test.SellAgentTests -->
    </test> <!-- Edge -->
    <test started-at="2026-03-15T19:09:06 IST" name="Chrome" finished-at="2026-03-15T19:12:49 IST" duration-ms="223043">
      <class name="com.test.SellAgentTests">
        <test-method is-config="true" signature="setUp(java.lang.String)[pri:0, instance:com.test.SellAgentTests@6892b3b6]" started-at="2026-03-15T19:09:06 IST" name="setUp" finished-at="2026-03-15T19:09:16 IST" duration-ms="9258" status="PASS">
          <params>
            <param index="0">
              <value>
                <![CDATA[chrome]]>
              </value>
            </param>
          </params>
          <reporter-output>
          </reporter-output>
        </test-method> <!-- setUp -->
        <test-method signature="tc01_navigateAndSelectRole()[pri:1, instance:com.test.SellAgentTests@6892b3b6]" started-at="2026-03-15T19:09:16 IST" name="tc01_navigateAndSelectRole" finished-at="2026-03-15T19:09:34 IST" duration-ms="18969" status="PASS">
          <reporter-output>
          </reporter-output>
        </test-method> <!-- tc01_navigateAndSelectRole -->
        <test-method is-config="true" signature="setUp(java.lang.String)[pri:0, instance:com.test.SellAgentTests@6892b3b6]" started-at="2026-03-15T19:09:34 IST" name="setUp" finished-at="2026-03-15T19:09:44 IST" duration-ms="9627" status="PASS">
          <params>
            <param index="0">
              <value>
                <![CDATA[chrome]]>
              </value>
            </param>
          </params>
          <reporter-output>
          </reporter-output>
        </test-method> <!-- setUp -->
        <test-method signature="tc02_openPackages_and_select_Individual_Sell_Residential_then_show()[pri:2, instance:com.test.SellAgentTests@6892b3b6]" started-at="2026-03-15T19:09:44 IST" name="tc02_openPackages_and_select_Individual_Sell_Residential_then_show" finished-at="2026-03-15T19:09:53 IST" duration-ms="8956" status="PASS">
          <reporter-output>
          </reporter-output>
        </test-method> <!-- tc02_openPackages_and_select_Individual_Sell_Residential_then_show -->
        <test-method is-config="true" signature="setUp(java.lang.String)[pri:0, instance:com.test.SellAgentTests@6892b3b6]" started-at="2026-03-15T19:09:53 IST" name="setUp" finished-at="2026-03-15T19:10:03 IST" duration-ms="10185" status="PASS">
          <params>
            <param index="0">
              <value>
                <![CDATA[chrome]]>
              </value>
            </param>
          </params>
          <reporter-output>
          </reporter-output>
        </test-method> <!-- setUp -->
        <test-method signature="tc03_openDeveloperLounge_and_click_MohitGoel()[pri:3, instance:com.test.SellAgentTests@6892b3b6]" started-at="2026-03-15T19:10:03 IST" name="tc03_openDeveloperLounge_and_click_MohitGoel" finished-at="2026-03-15T19:10:18 IST" duration-ms="14744" status="PASS">
          <reporter-output>
          </reporter-output>
        </test-method> <!-- tc03_openDeveloperLounge_and_click_MohitGoel -->
        <test-method is-config="true" signature="setUp(java.lang.String)[pri:0, instance:com.test.SellAgentTests@6892b3b6]" started-at="2026-03-15T19:10:18 IST" name="setUp" finished-at="2026-03-15T19:10:29 IST" duration-ms="10593" status="PASS">
          <params>
            <param index="0">
              <value>
                <![CDATA[chrome]]>
              </value>
            </param>
          </params>
          <reporter-output>
          </reporter-output>
        </test-method> <!-- setUp -->
        <test-method signature="tc04_submit_empty_callback_request()[pri:4, instance:com.test.SellAgentTests@6892b3b6]" started-at="2026-03-15T19:10:29 IST" name="tc04_submit_empty_callback_request" finished-at="2026-03-15T19:10:48 IST" duration-ms="18929" status="PASS">
          <reporter-output>
          </reporter-output>
        </test-method> <!-- tc04_submit_empty_callback_request -->
        <test-method is-config="true" signature="setUp(java.lang.String)[pri:0, instance:com.test.SellAgentTests@6892b3b6]" started-at="2026-03-15T19:10:48 IST" name="setUp" finished-at="2026-03-15T19:11:05 IST" duration-ms="17558" status="PASS">
          <params>
            <param index="0">
              <value>
                <![CDATA[chrome]]>
              </value>
            </param>
          </params>
          <reporter-output>
          </reporter-output>
        </test-method> <!-- setUp -->
        <test-method signature="tc05_show_full_kolkata_data()[pri:5, instance:com.test.SellAgentTests@6892b3b6]" started-at="2026-03-15T19:11:05 IST" name="tc05_show_full_kolkata_data" finished-at="2026-03-15T19:11:14 IST" duration-ms="8672" status="PASS">
          <reporter-output>
          </reporter-output>
        </test-method> <!-- tc05_show_full_kolkata_data -->
        <test-method is-config="true" signature="setUp(java.lang.String)[pri:0, instance:com.test.SellAgentTests@6892b3b6]" started-at="2026-03-15T19:11:14 IST" name="setUp" finished-at="2026-03-15T19:11:31 IST" duration-ms="17157" status="PASS">
          <params>
            <param index="0">
              <value>
                <![CDATA[chrome]]>
              </value>
            </param>
          </params>
          <reporter-output>
          </reporter-output>
        </test-method> <!-- setUp -->
        <test-method signature="tc06_propertyValue_askFreeQuestion_form()[pri:6, instance:com.test.SellAgentTests@6892b3b6]" started-at="2026-03-15T19:11:31 IST" name="tc06_propertyValue_askFreeQuestion_form" finished-at="2026-03-15T19:12:02 IST" duration-ms="31089" status="PASS">
          <reporter-output>
          </reporter-output>
        </test-method> <!-- tc06_propertyValue_askFreeQuestion_form -->
        <test-method is-config="true" signature="setUp(java.lang.String)[pri:0, instance:com.test.SellAgentTests@6892b3b6]" started-at="2026-03-15T19:12:02 IST" name="setUp" finished-at="2026-03-15T19:12:29 IST" duration-ms="26564" status="PASS">
          <params>
            <param index="0">
              <value>
                <![CDATA[chrome]]>
              </value>
            </param>
          </params>
          <reporter-output>
          </reporter-output>
        </test-method> <!-- setUp -->
        <test-method signature="tc07_submit_callback_request_with_data(java.lang.String,java.lang.String,java.lang.String,java.lang.String,java.lang.String)[pri:7, instance:com.test.SellAgentTests@6892b3b6]" started-at="2026-03-15T19:12:29 IST" name="tc07_submit_callback_request_with_data" data-provider="callbackData" finished-at="2026-03-15T19:12:49 IST" duration-ms="20619" status="PASS">
          <params>
            <param index="0">
              <value>
                <![CDATA[kugan]]>
              </value>
            </param>
            <param index="1">
              <value>
                <![CDATA[8220067539]]>
              </value>
            </param>
            <param index="2">
              <value>
                <![CDATA[kuganthangavel39@gmail.com]]>
              </value>
            </param>
            <param index="3">
              <value>
                <![CDATA[Delhi]]>
              </value>
            </param>
            <param index="4">
              <value>
                <![CDATA[when i will recieve my report?]]>
              </value>
            </param>
          </params>
          <reporter-output>
          </reporter-output>
        </test-method> <!-- tc07_submit_callback_request_with_data -->
      </class> <!-- com.test.SellAgentTests -->
    </test> <!-- Chrome -->
  </suite> <!-- CrossBrowser Suite -->
</testng-results>
