<?xml version="1.0" encoding="UTF-8"?>
<!-- Generated by org.testng.reporters.JUnitXMLReporter -->
<testsuite ignored="0" hostname="LIN-GPM8XC4" failures="0" tests="7" name="Default test" time="103.003" errors="0" timestamp="2026-03-15T18:53:41 IST">
  <testcase classname="com.test.SellAgentTests" name="tc01_navigateAndSelectRole" time="5.901"/>
  <testcase classname="com.test.SellAgentTests" name="tc02_openPackages_and_select_Individual_Sell_Residential_then_show" time="7.155"/>
  <testcase classname="com.test.SellAgentTests" name="tc03_openDeveloperLounge_and_click_MohitGoel" time="3.618"/>
  <testcase classname="com.test.SellAgentTests" name="tc04_submit_empty_callback_request" time="4.508"/>
  <testcase classname="com.test.SellAgentTests" name="tc05_show_full_kolkata_data" time="5.199"/>
  <testcase classname="com.test.SellAgentTests" name="tc06_propertyValue_askFreeQuestion_form" time="22.27"/>
  <testcase classname="com.test.SellAgentTests" name="tc07_submit_callback_request_with_data" time="7.54"/>
</testsuite> <!-- Default test -->
